nxb@kbpi:~/dev/kbpi $ docker compose up
[+] Running 3/0
 ✔ Container codesys_control  Created                                                                                                                                                                        0.0s 
 ✔ Container kbpi-api-1       Created                                                                                                                                                                        0.0s 
 ✔ Container kbpi-nginx-1     Created                                                                                                                                                                        0.0s 
Attaching to codesys_control, kbpi-api-1, kbpi-nginx-1
codesys_control  | codesysedge started
codesys_control  | Starting CodeMeter Server : codemeter
codesys_control  |  failed!
codesys_control  | Starting OpenBSD Secure Shell server: sshd
codesys_control  | .
codesys_control  | ^@
kbpi-nginx-1     | /docker-entrypoint.sh: /docker-entrypoint.d/ is not empty, will attempt to perform configuration
kbpi-nginx-1     | /docker-entrypoint.sh: Looking for shell scripts in /docker-entrypoint.d/
kbpi-nginx-1     | /docker-entrypoint.sh: Launching /docker-entrypoint.d/10-listen-on-ipv6-by-default.sh
kbpi-nginx-1     | 10-listen-on-ipv6-by-default.sh: info: Getting the checksum of /etc/nginx/conf.d/default.conf
codesys_control  | CODESYS Control V3.5.19.0 for ARM-64Bit - build Apr  3 2023
codesys_control  | Device type: 4096 id: 0x00000007 
codesys_control  | Device vendor: CODESYS GmbH
codesys_control  | Device name:   CODESYS Control for Linux ARM64 SL 
codesys_control  | machine: aarch64
codesys_control  | timer resolution: 1nsec
codesys_control  | 
codesys_control  | INFO: using /etc/CODESYSControl.cfg as config file
kbpi-nginx-1     | 10-listen-on-ipv6-by-default.sh: info: /etc/nginx/conf.d/default.conf differs from the packaged version
kbpi-nginx-1     | /docker-entrypoint.sh: Sourcing /docker-entrypoint.d/15-local-resolvers.envsh
kbpi-nginx-1     | /docker-entrypoint.sh: Launching /docker-entrypoint.d/20-envsubst-on-templates.sh
kbpi-nginx-1     | /docker-entrypoint.sh: Launching /docker-entrypoint.d/30-tune-worker-processes.sh
kbpi-nginx-1     | /docker-entrypoint.sh: Configuration complete; ready for start up
kbpi-api-1       |  * Serving Flask app 'flask-app' (lazy loading)
kbpi-api-1       |  * Environment: production
kbpi-api-1       |    WARNING: This is a development server. Do not use it in a production deployment.
kbpi-api-1       |    Use a production WSGI server instead.
kbpi-api-1       |  * Debug mode: off
codesys_control  | 
codesys_control  |  _/_/_/_/_/_/_/_/_/_/_/_/_/_/_/_/_/_/_/_/_/_/_/_/_/_/_/_/_/_/_/_/_/_/_/_/_/_/_/_/_/_/_/_/_/_/_/_/_/_/_/_/_/_/_/_/_/_/_/_/
codesys_control  | _/_/_/_/_/_/_/_/_/_/_/_/_/_/_/_/_/_/_/_/_/_/_/_/_/_/_/_/_/_/_/_/_/_/_/_/_/_/_/_/_/_/_/_/_/_/_/_/_/_/_/_/_/_/_/_/_/_/_/_/
codesys_control  | 
codesys_control  |         _/_/_/_/      _/_/_/_/    _/_/_/_/_/    _/_/_/_/_/_/    _/_/_/_/_/  _/_/    _/_/    _/_/_/_/_/          _/
codesys_control  |      _/_/_/_/_/_/  _/_/_/_/_/_/  _/_/_/_/_/_/  _/_/_/_/_/_/  _/_/_/_/_/_/  _/_/    _/_/  _/_/_/_/_/_/        _/_/_/
codesys_control  |     _/_/    _/_/  _/_/    _/_/  _/_/    _/_/  _/_/          _/_/          _/_/    _/_/  _/_/              _/_/_/_/_/
codesys_control  |    _/_/          _/_/    _/_/  _/_/    _/_/  _/_/_/_/        _/_/_/_/      _/_/_/_/      _/_/_/_/      _/_/_/_/_/_/_/
codesys_control  |   _/_/    _/_/  _/_/    _/_/  _/_/    _/_/  _/_/                  _/_/      _/_/              _/_/      _/_/_/_/_/
codesys_control  |  _/_/_/_/_/_/  _/_/_/_/_/_/  _/_/_/_/_/_/  _/_/_/_/_/_/  _/_/_/_/_/_/      _/_/      _/_/_/_/_/_/        _/_/_/
codesys_control  |   _/_/_/_/      _/_/_/_/    _/_/_/_/_/    _/_/_/_/_/_/  _/_/_/_/_/        _/_/      _/_/_/_/_/            _/
codesys_control  | 
codesys_control  |  _/_/_/_/_/_/_/_/_/_/_/_/_/_/_/_/_/_/_/_/_/_/_/_/_/_/_/_/_/_/_/_/_/_/_/_/_/_/_/_/_/_/_/_/_/_/_/_/_/_/_/_/_/_/_/_/_/_/_/_/
codesys_control  | _/_/_/_/_/_/_/_/_/_/_/_/_/_/_/_/_/_/_/_/_/_/_/_/_/_/_/_/_/_/_/_/_/_/_/_/_/_/_/_/_/_/_/_/_/_/_/_/_/_/_/_/_/_/_/_/_/_/_/_/

nxbdocker@7fd728598d60:/var/opt/codesys$ cat /etc/wibu/CodeMeter/Server.ini 
[Backup]
Interval=24
Path=/var/lib/CodeMeter/Backup
UpdateCertifiedTime=0

[General]
ActionTimeIntervall=10
ApiCommunicationMode=1
BindAddress=0.0.0.0
CleanUpTimeOut=120
CmInstanceUid=2726155532
CmWANPort=22351
EnabledContainerTypes=4294967295
ExePath=/usr/sbin
HelpFile=/usr/share/doc/CodeMeter
IsCmWANServer=0
IsNetworkServer=0
LogCleanupTimeout=336
LogCmActDiag=1
LogLicenseTracking=0
LogLicenseTrackingPath=/var/log/CodeMeter
Logging=0
LogPath=/var/log/CodeMeter
MaxMessageLen=67108864
NetworkAccessFsb=0
NetworkPort=22350
NetworkTimeout=40
ProxyPort=0
ProxyServer=
ProxyUser=
UseSystemProxy=1
StartDaemon=1
TimeServerTimeout=20
TimeServerURL1=cmtime.codemeter.com
TimeServerURL2=cmtime.codemeter.us
TimeServerURL3=cmtime.codemeter.de
UDPCachingTime=20
UDPWaitingTime=1000
DiagnoseLevel=2
ApiCommunicationModeServer=1
LogEventLogRotationSizeInMb=10
LogEventLogRotationTimeInMinutes=1440
ListRejectedAllocations=0
ListRejectedAllocationsFirmcode=0
ListRejectedAllocationsMaxEntries=1000
CloudConnectionTimeout=5000
HostNameResolveTimeout=10
ProxyPasswordSecure=#sWIiP3AauOoadg8cbc9JxgTeJLlMY/7DegwZ3m10D9Y=
WebSocketKeepAliveTimeout=300

[BorrowClient]

[BorrowServer]

[BorrowManage]

[CmAct\ErrorLogger]

[CmAct\PSNs]

[HTTP]
DigestAuthentication=0
RemoteRead=0
Port=22352
ReadAuthenticationEnabled=0
ReadPassword=
WritePassword=
PreparedBorrowingConfiguration=0

[TripleModeRedundancy]
TmrEnabled=0

[HTTPS]
Port=22353
Enabled=0
CertificateChainFile=
PrivateKeyFile=
MinimalTLSVersion=1.3

